This is pdfTeX, Version 3.14159265-2.6-1.40.15 (TeX Live 2014/Debian) (preloaded format=latex 2014.9.1)  15 SEP 2014 09:04
entering extended mode
 \write18 enabled.
 %&-line parsing enabled.
**\input hw1.tex
(./hw1.tex (/usr/share/texlive/texmf-dist/tex/latex/base/article.cls
Document Class: article 2007/10/19 v1.4h Standard LaTeX document class
(/usr/share/texlive/texmf-dist/tex/latex/base/size12.clo
File: size12.clo 2007/10/19 v1.4h Standard LaTeX file (size option)
)
\c@part=\count79
\c@section=\count80
\c@subsection=\count81
\c@subsubsection=\count82
\c@paragraph=\count83
\c@subparagraph=\count84
\c@figure=\count85
\c@table=\count86
\abovecaptionskip=\skip41
\belowcaptionskip=\skip42
\bibindent=\dimen102
)
(/usr/share/texlive/texmf-dist/tex/latex/amsfonts/amssymb.sty
Package: amssymb 2013/01/14 v3.01 AMS font symbols

(/usr/share/texlive/texmf-dist/tex/latex/amsfonts/amsfonts.sty
Package: amsfonts 2013/01/14 v3.01 Basic AMSFonts support
\@emptytoks=\toks14
\symAMSa=\mathgroup4
\symAMSb=\mathgroup5
LaTeX Font Info:    Overwriting math alphabet `\mathfrak' in version `bold'
(Font)                  U/euf/m/n --> U/euf/b/n on input line 106.
))
(/usr/share/texlive/texmf-dist/tex/latex/amsmath/amsmath.sty
Package: amsmath 2013/01/14 v2.14 AMS math features
\@mathmargin=\skip43

For additional information on amsmath, use the `?' option.
(/usr/share/texlive/texmf-dist/tex/latex/amsmath/amstext.sty
Package: amstext 2000/06/29 v2.01

(/usr/share/texlive/texmf-dist/tex/latex/amsmath/amsgen.sty
File: amsgen.sty 1999/11/30 v2.0
\@emptytoks=\toks15
\ex@=\dimen103
))
(/usr/share/texlive/texmf-dist/tex/latex/amsmath/amsbsy.sty
Package: amsbsy 1999/11/29 v1.2d
\pmbraise@=\dimen104
)
(/usr/share/texlive/texmf-dist/tex/latex/amsmath/amsopn.sty
Package: amsopn 1999/12/14 v2.01 operator names
)
\inf@bad=\count87
LaTeX Info: Redefining \frac on input line 210.
\uproot@=\count88
\leftroot@=\count89
LaTeX Info: Redefining \overline on input line 306.
\classnum@=\count90
\DOTSCASE@=\count91
LaTeX Info: Redefining \ldots on input line 378.
LaTeX Info: Redefining \dots on input line 381.
LaTeX Info: Redefining \cdots on input line 466.
\Mathstrutbox@=\box26
\strutbox@=\box27
\big@size=\dimen105
LaTeX Font Info:    Redeclaring font encoding OML on input line 566.
LaTeX Font Info:    Redeclaring font encoding OMS on input line 567.
\macc@depth=\count92
\c@MaxMatrixCols=\count93
\dotsspace@=\muskip10
\c@parentequation=\count94
\dspbrk@lvl=\count95
\tag@help=\toks16
\row@=\count96
\column@=\count97
\maxfields@=\count98
\andhelp@=\toks17
\eqnshift@=\dimen106
\alignsep@=\dimen107
\tagshift@=\dimen108
\tagwidth@=\dimen109
\totwidth@=\dimen110
\lineht@=\dimen111
\@envbody=\toks18
\multlinegap=\skip44
\multlinetaggap=\skip45
\mathdisplay@stack=\toks19
LaTeX Info: Redefining \[ on input line 2665.
LaTeX Info: Redefining \] on input line 2666.
)
(/usr/share/texlive/texmf-dist/tex/latex/graphics/graphicx.sty
Package: graphicx 2014/04/25 v1.0g Enhanced LaTeX Graphics (DPC,SPQR)

(/usr/share/texlive/texmf-dist/tex/latex/graphics/keyval.sty
Package: keyval 2014/05/08 v1.15 key=value parser (DPC)
\KV@toks@=\toks20
)
(/usr/share/texlive/texmf-dist/tex/latex/graphics/graphics.sty
Package: graphics 2009/02/05 v1.0o Standard LaTeX Graphics (DPC,SPQR)

(/usr/share/texlive/texmf-dist/tex/latex/graphics/trig.sty
Package: trig 1999/03/16 v1.09 sin cos tan (DPC)
)
(/usr/share/texlive/texmf-dist/tex/latex/latexconfig/graphics.cfg
File: graphics.cfg 2010/04/23 v1.9 graphics configuration of TeX Live
)
Package graphics Info: Driver file: dvips.def on input line 91.

(/usr/share/texlive/texmf-dist/tex/latex/graphics/dvips.def
File: dvips.def 2014/04/23 v3.0j Driver-dependant file (DPC,SPQR)
))
\Gin@req@height=\dimen112
\Gin@req@width=\dimen113
)
(/usr/share/texlive/texmf-dist/tex/latex/geometry/geometry.sty
Package: geometry 2010/09/12 v5.6 Page Geometry

(/usr/share/texlive/texmf-dist/tex/generic/oberdiek/ifpdf.sty
Package: ifpdf 2011/01/30 v2.3 Provides the ifpdf switch (HO)
Package ifpdf Info: pdfTeX in PDF mode is not detected.
)
(/usr/share/texlive/texmf-dist/tex/generic/oberdiek/ifvtex.sty
Package: ifvtex 2010/03/01 v1.5 Detect VTeX and its facilities (HO)
Package ifvtex Info: VTeX not detected.
)
(/usr/share/texlive/texmf-dist/tex/generic/ifxetex/ifxetex.sty
Package: ifxetex 2010/09/12 v0.6 Provides ifxetex conditional
)
\Gm@cnth=\count99
\Gm@cntv=\count100
\c@Gm@tempcnt=\count101
\Gm@bindingoffset=\dimen114
\Gm@wd@mp=\dimen115
\Gm@odd@mp=\dimen116
\Gm@even@mp=\dimen117
\Gm@layoutwidth=\dimen118
\Gm@layoutheight=\dimen119
\Gm@layouthoffset=\dimen120
\Gm@layoutvoffset=\dimen121
\Gm@dimlist=\toks21
)
(/usr/share/texlive/texmf-dist/tex/latex/setspace/setspace.sty
Package: setspace 2011/12/19 v6.7a set line spacing
)
(/usr/share/texlive/texmf-dist/tex/latex/python/python.sty
Package: python 2007/06/07 v0.21 Python in LaTeX
\@out=\write3
\@module=\write4
)
(/usr/share/texlive/texmf-dist/tex/latex/tools/array.sty
Package: array 2008/09/09 v2.4c Tabular extension package (FMi)
\col@sep=\dimen122
\extrarowheight=\dimen123
\NC@list=\toks22
\extratabsurround=\skip46
\backup@length=\skip47
) (./hw1.aux)
\openout1 = `hw1.aux'.

LaTeX Font Info:    Checking defaults for OML/cmm/m/it on input line 28.
LaTeX Font Info:    ... okay on input line 28.
LaTeX Font Info:    Checking defaults for T1/cmr/m/n on input line 28.
LaTeX Font Info:    ... okay on input line 28.
LaTeX Font Info:    Checking defaults for OT1/cmr/m/n on input line 28.
LaTeX Font Info:    ... okay on input line 28.
LaTeX Font Info:    Checking defaults for OMS/cmsy/m/n on input line 28.
LaTeX Font Info:    ... okay on input line 28.
LaTeX Font Info:    Checking defaults for OMX/cmex/m/n on input line 28.
LaTeX Font Info:    ... okay on input line 28.
LaTeX Font Info:    Checking defaults for U/cmr/m/n on input line 28.
LaTeX Font Info:    ... okay on input line 28.

*geometry* driver: auto-detecting
*geometry* detected driver: dvips
*geometry* verbose mode - [ preamble ] result:
* driver: dvips
* paper: letterpaper
* layout: <same size as paper>
* layoutoffset:(h,v)=(0.0pt,0.0pt)
* modes: 
* h-part:(L,W,R)=(54.2025pt, 505.89pt, 54.2025pt)
* v-part:(T,H,B)=(54.2025pt, 686.56499pt, 54.2025pt)
* \paperwidth=614.295pt
* \paperheight=794.96999pt
* \textwidth=505.89pt
* \textheight=686.56499pt
* \oddsidemargin=-18.06749pt
* \evensidemargin=-18.06749pt
* \topmargin=-55.06749pt
* \headheight=12.0pt
* \headsep=25.0pt
* \topskip=12.0pt
* \footskip=30.0pt
* \marginparwidth=44.0pt
* \marginparsep=10.0pt
* \columnsep=10.0pt
* \skip\footins=10.8pt plus 4.0pt minus 2.0pt
* \hoffset=0.0pt
* \voffset=0.0pt
* \mag=1000
* \@twocolumnfalse
* \@twosidefalse
* \@mparswitchfalse
* \@reversemarginfalse
* (1in=72.27pt=25.4mm, 1cm=28.453pt)

LaTeX Font Info:    Try loading font information for U+msa on input line 30.
(/usr/share/texlive/texmf-dist/tex/latex/amsfonts/umsa.fd
File: umsa.fd 2013/01/14 v3.01 AMS symbols A
)
LaTeX Font Info:    Try loading font information for U+msb on input line 30.

(/usr/share/texlive/texmf-dist/tex/latex/amsfonts/umsb.fd
File: umsb.fd 2013/01/14 v3.01 AMS symbols B
) (./arguments.tex
Overfull \hbox (12.00002pt too wide) in paragraph at lines 4--10
[][] 
 []

\openout3 = `hw1.py'.

\openout4 = `latex.py'.

runsystem(cat truth.py hw1.py | python > hw1.py.out 2> hw1.py.err)...executed.

(./hw1.py.out) [1

]
\openout3 = `hw1.py'.

\openout4 = `latex.py'.

runsystem(cat truth.py hw1.py | python > hw1.py.out 2> hw1.py.err)...executed.

 (./hw1.py.out)
\openout3 = `hw1.py'.

\openout4 = `latex.py'.

runsystem(cat truth.py hw1.py | python > hw1.py.out 2> hw1.py.err)...executed.

 (./hw1.py.out)
\openout3 = `hw1.py'.

\openout4 = `latex.py'.

runsystem(cat truth.py hw1.py | python > hw1.py.out 2> hw1.py.err)...executed.

 (./hw1.py.out) [2]
\openout3 = `hw1.py'.

\openout4 = `latex.py'.

runsystem(cat truth.py hw1.py | python > hw1.py.out 2> hw1.py.err)...executed.


(./hw1.py.out)
\openout3 = `hw1.py'.

\openout4 = `latex.py'.

runsystem(cat truth.py hw1.py | python > hw1.py.out 2> hw1.py.err)...executed.

 (./hw1.py.out) [3]
\openout3 = `hw1.py'.

\openout4 = `latex.py'.

runsystem(cat truth.py hw1.py | python > hw1.py.out 2> hw1.py.err)...executed.

 (./hw1.py.out)
\openout3 = `hw1.py'.

\openout4 = `latex.py'.

runsystem(cat truth.py hw1.py | python > hw1.py.out 2> hw1.py.err)...executed.

 (./hw1.py.out [4])
LaTeX Font Info:    Try loading font information for OMS+cmr on input line 176.


(/usr/share/texlive/texmf-dist/tex/latex/base/omscmr.fd
File: omscmr.fd 1999/05/25 v2.5h Standard LaTeX font definitions
)
LaTeX Font Info:    Font shape `OMS/cmr/m/n' in size <12> not available
(Font)              Font shape `OMS/cmsy/m/n' tried instead on input line 176.
\openout3 = `hw1.py'.

\openout4 = `latex.py'.

runsystem(cat truth.py hw1.py | python > hw1.py.out 2> hw1.py.err)...executed.

 (./hw1.py.out)
[5]
\openout3 = `hw1.py'.

\openout4 = `latex.py'.

runsystem(cat truth.py hw1.py | python > hw1.py.out 2> hw1.py.err)...executed.

 (./hw1.py.out)
\openout3 = `hw1.py'.

\openout4 = `latex.py'.

runsystem(cat truth.py hw1.py | python > hw1.py.out 2> hw1.py.err)...executed.

 (./hw1.py.out [6])
\openout3 = `hw1.py'.

\openout4 = `latex.py'.

runsystem(cat truth.py hw1.py | python > hw1.py.out 2> hw1.py.err)...executed.

 (./hw1.py.out) [7]
\openout3 = `hw1.py'.

\openout4 = `latex.py'.

runsystem(cat truth.py hw1.py | python > hw1.py.out 2> hw1.py.err)...executed.

 (./hw1.py.out)
[8]
\openout3 = `hw1.py'.

\openout4 = `latex.py'.

runsystem(cat truth.py hw1.py | python > hw1.py.out 2> hw1.py.err)...executed.

 (./hw1.py.out) [9]) (./claims.tex
\openout3 = `hw1.py'.

\openout4 = `latex.py'.

runsystem(cat truth.py hw1.py | python > hw1.py.out 2> hw1.py.err)...executed.

 (./hw1.py.out) [10]
\openout3 = `hw1.py'.

\openout4 = `latex.py'.

runsystem(cat truth.py hw1.py | python > hw1.py.out 2> hw1.py.err)...executed.

 (./hw1.py.out)
\openout3 = `hw1.py'.

\openout4 = `latex.py'.

runsystem(cat truth.py hw1.py | python > hw1.py.out 2> hw1.py.err)...executed.


(./hw1.py.out
Overfull \hbox (89.66312pt too wide) in paragraph at lines 2--23
[]$[]$ 
 []

)
\openout3 = `hw1.py'.

\openout4 = `latex.py'.

runsystem(cat truth.py hw1.py | python > hw1.py.out 2> hw1.py.err)...executed.

 (./hw1.py.out) [11]
\openout3 = `hw1.py'.

\openout4 = `latex.py'.

runsystem(cat truth.py hw1.py | python > hw1.py.out 2> hw1.py.err)...executed.

 (./hw1.py.out)
\openout3 = `hw1.py'.

\openout4 = `latex.py'.

runsystem(cat truth.py hw1.py | python > hw1.py.out 2> hw1.py.err)...executed.

 (./hw1.py.out
Overfull \hbox (37.21169pt too wide) in paragraph at lines 2--18
[]$[]$ 
 []

)
\openout3 = `hw1.py'.

\openout4 = `latex.py'.

runsystem(cat truth.py hw1.py | python > hw1.py.out 2> hw1.py.err)...executed.

 (./hw1.py.out
Overfull \hbox (47.87843pt too wide) in paragraph at lines 2--18
[]$[]$ 
 []

)) (./other.tex
File: troll.eps Graphic file (type eps)
 <troll.eps>) [12] [13] (./hw1.aux) ) 
Here is how much of TeX's memory you used:
 2109 strings out of 495022
 26187 string characters out of 6181371
 96301 words of memory out of 5000000
 5260 multiletter control sequences out of 15000+600000
 13383 words of font info for 52 fonts, out of 8000000 for 9000
 14 hyphenation exceptions out of 8191
 27i,11n,32p,393b,290s stack positions out of 5000i,500n,10000p,200000b,80000s

Output written on hw1.dvi (13 pages, 49808 bytes).
